[12-26|04:27:30.185] INFO server/server.go:244 serving gRPC server
[12-26|04:27:30.185] INFO server/server.go:254 dialing gRPC server for gRPC gateway
[12-26|04:27:30.186] INFO server/server.go:278 serving gRPC gateway
[12-26|04:27:31.053] WARN server/server.go:415 custom node configs have been provided; ignoring the 'number-of-nodes' parameter and setting it to:
[12-26|04:27:31.053] INFO server/server.go:445 starting {"{exec-path 15 0 /Users/z/go/bin/luxd <nil>}": {"Key":"num-nodes","Type":19,"Integer":5,"String":"","Interface":null}, "{track-chains 15 0  <nil>}": {"Key":"pid","Type":12,"Integer":56554,"String":"","Interface":null}, "{root-data-dir 15 0 /Users/z/.lux/runs/testnet/run_20251226_042731 <nil>}": {"Key":"plugin-dir","Type":15,"Integer":0,"String":"/Users/z/.lux/plugins/current","Interface":null}, "{chain-configs 23 0  map[C:{\n  \"admin-api-enabled\": true,\n  \"eth-apis\": [\n    \"eth\",\n    \"eth-filter\",\n    \"net\",\n    \"web3\",\n    \"internal-eth\",\n    \"internal-blockchain\",\n    \"internal-transaction\",\n    \"internal-account\",\n    \"admin\"\n  ],\n  \"log-level\": \"info\",\n  \"reexec\": 0\n}]}": {"Key":"global-node-config","Type":15,"Integer":0,"String":"{\n\t\t\"network-id\": 2,\n\t\t\"db-type\": \"badgerdb\",\n\t\t\"sybil-protection-enabled\": true,\n\t\t\"network-allow-private-ips\": true,\n\t\t\"health-check-frequency\": \"30s\",\n\t\t\"log-level\": \"info\",\n\t\t\"http-host\": \"127.0.0.1\",\n\t\t\"api-admin-enabled\": true,\n\t\t\"track-chains\": \"all\"\n\t}","Interface":null}}
[12-26|04:28:02.489] INFO server/server.go:473 network healthy
[12-26|04:28:29.040] INFO server/server.go:962 removing network
[12-26|04:28:29.347] WARN server/server.go:285 root context is done
[12-26|04:28:29.347] WARN server/server.go:288 closed gRPC gateway server
[12-26|04:28:29.347] WARN server/server.go:293 closed gRPC server
[12-26|04:28:29.347] WARN server/server.go:295 gRPC terminated
[12-28|11:36:49.318] INFO server/server.go:244 serving gRPC server
[12-28|11:36:49.318] INFO server/server.go:254 dialing gRPC server for gRPC gateway
[12-28|11:36:49.321] INFO server/server.go:278 serving gRPC gateway
[12-28|11:36:50.168] WARN server/server.go:415 custom node configs have been provided; ignoring the 'number-of-nodes' parameter and setting it to:
[12-28|11:36:50.168] INFO server/server.go:445 starting {"{exec-path 15 0 /Users/z/work/lux/node/build/luxd <nil>}": {"Key":"num-nodes","Type":19,"Integer":5,"String":"","Interface":null}, "{track-chains 15 0  <nil>}": {"Key":"pid","Type":12,"Integer":13261,"String":"","Interface":null}, "{root-data-dir 15 0 /Users/z/.lux/runs/mainnet/run_20251228_100443 <nil>}": {"Key":"plugin-dir","Type":15,"Integer":0,"String":"/Users/z/.lux/plugins/current","Interface":null}, "{chain-configs 23 0  map[C:{\n  \"admin-api-enabled\": true,\n  \"allow-missing-tries\": true,\n  \"eth-apis\": [\n    \"eth\",\n    \"eth-filter\",\n    \"net\",\n    \"web3\",\n    \"internal-eth\",\n    \"internal-blockchain\",\n    \"internal-transaction\",\n    \"internal-account\",\n    \"admin\"\n  ],\n  \"log-level\": \"info\",\n  \"pruning-enabled\": false,\n  \"reexec\": 0\n}]}": {"Key":"global-node-config","Type":15,"Integer":0,"String":"{\n\t\t\"network-id\": 1,\n\t\t\"db-type\": \"badgerdb\",\n\t\t\"sybil-protection-enabled\": true,\n\t\t\"network-allow-private-ips\": true,\n\t\t\"health-check-frequency\": \"30s\",\n\t\t\"log-level\": \"info\",\n\t\t\"http-host\": \"127.0.0.1\",\n\t\t\"api-admin-enabled\": true,\n\t\t\"track-chains\": \"all\"\n\t}","Interface":null}}
[12-28|11:36:55.899] INFO server/server.go:473 network healthy
[12-28|11:47:36.053] INFO server/server.go:1526 RemoveSnapshot
[12-28|11:47:36.072] INFO server/server.go:1479 SaveSnapshot
[12-28|11:47:36.948] INFO server/server.go:962 removing network
[12-28|11:47:36.951] INFO server/server.go:962 removing network
[12-28|11:47:36.952] WARN server/server.go:285 root context is done
[12-28|11:47:36.952] WARN server/server.go:288 closed gRPC gateway server
[12-28|11:47:36.952] WARN server/server.go:293 closed gRPC server
[12-28|11:47:36.952] WARN server/server.go:295 gRPC terminated
[12-28|11:48:47.135] INFO server/server.go:254 dialing gRPC server for gRPC gateway
[12-28|11:48:47.135] INFO server/server.go:244 serving gRPC server
[12-28|11:48:47.139] INFO server/server.go:278 serving gRPC gateway
[12-28|11:48:47.846] WARN server/server.go:415 custom node configs have been provided; ignoring the 'number-of-nodes' parameter and setting it to:
[12-28|11:48:47.848] INFO server/server.go:445 starting {"{exec-path 15 0 /Users/z/work/lux/node/build/luxd <nil>}": {"Key":"num-nodes","Type":19,"Integer":5,"String":"","Interface":null}, "{track-chains 15 0  <nil>}": {"Key":"pid","Type":12,"Integer":86664,"String":"","Interface":null}, "{root-data-dir 15 0 /Users/z/.lux/runs/mainnet/run_20251228_100443 <nil>}": {"Key":"plugin-dir","Type":15,"Integer":0,"String":"/Users/z/.lux/plugins/current","Interface":null}, "{chain-configs 23 0  map[C:{\n  \"admin-api-enabled\": true,\n  \"allow-missing-tries\": true,\n  \"eth-apis\": [\n    \"eth\",\n    \"eth-filter\",\n    \"net\",\n    \"web3\",\n    \"internal-eth\",\n    \"internal-blockchain\",\n    \"internal-transaction\",\n    \"internal-account\",\n    \"admin\"\n  ],\n  \"log-level\": \"info\",\n  \"pruning-enabled\": false,\n  \"reexec\": 0\n}]}": {"Key":"global-node-config","Type":15,"Integer":0,"String":"{\n\t\t\"network-id\": 1,\n\t\t\"db-type\": \"badgerdb\",\n\t\t\"sybil-protection-enabled\": true,\n\t\t\"network-allow-private-ips\": true,\n\t\t\"health-check-frequency\": \"30s\",\n\t\t\"log-level\": \"info\",\n\t\t\"http-host\": \"127.0.0.1\",\n\t\t\"api-admin-enabled\": true,\n\t\t\"track-chains\": \"all\"\n\t}","Interface":null}}
[12-28|11:48:52.232] INFO server/server.go:473 network healthy
[12-28|11:49:47.528] INFO server/server.go:1526 RemoveSnapshot
[12-28|11:49:47.568] INFO server/server.go:1479 SaveSnapshot
[12-28|11:49:48.435] INFO server/server.go:962 removing network
[12-28|11:49:48.452] INFO server/server.go:962 removing network
[12-28|11:49:48.469] WARN server/server.go:285 root context is done
[12-28|11:49:48.469] WARN server/server.go:288 closed gRPC gateway server
[12-28|11:49:48.470] WARN server/server.go:293 closed gRPC server
[12-28|11:49:48.470] WARN server/server.go:295 gRPC terminated
[12-28|12:10:28.480] INFO server/server.go:244 serving gRPC server
[12-28|12:10:28.479] INFO server/server.go:254 dialing gRPC server for gRPC gateway
[12-28|12:10:28.490] INFO server/server.go:278 serving gRPC gateway
[12-28|12:10:28.507] INFO server/server.go:254 dialing gRPC server for gRPC gateway
[12-28|12:10:28.507] INFO server/server.go:244 serving gRPC server
[12-28|12:10:28.508] INFO server/server.go:278 serving gRPC gateway
[12-28|12:10:28.725] WARN server/server.go:415 custom node configs have been provided; ignoring the 'number-of-nodes' parameter and setting it to:
[12-28|12:10:28.726] INFO server/server.go:445 starting {"{exec-path 15 0 /Users/z/work/lux/node/build/luxd <nil>}": {"Key":"num-nodes","Type":19,"Integer":5,"String":"","Interface":null}, "{track-chains 15 0  <nil>}": {"Key":"pid","Type":12,"Integer":81539,"String":"","Interface":null}, "{root-data-dir 15 0 /Users/z/.lux/runs/mainnet/run_20251228_100443 <nil>}": {"Key":"plugin-dir","Type":15,"Integer":0,"String":"/Users/z/.lux/plugins/current","Interface":null}, "{chain-configs 23 0  map[C:{\n  \"admin-api-enabled\": true,\n  \"allow-missing-tries\": true,\n  \"eth-apis\": [\n    \"eth\",\n    \"eth-filter\",\n    \"net\",\n    \"web3\",\n    \"internal-eth\",\n    \"internal-blockchain\",\n    \"internal-transaction\",\n    \"internal-account\",\n    \"admin\"\n  ],\n  \"log-level\": \"info\",\n  \"pruning-enabled\": false,\n  \"reexec\": 0\n}]}": {"Key":"global-node-config","Type":15,"Integer":0,"String":"{\n\t\t\"network-id\": 1,\n\t\t\"db-type\": \"badgerdb\",\n\t\t\"sybil-protection-enabled\": true,\n\t\t\"network-allow-private-ips\": true,\n\t\t\"health-check-frequency\": \"30s\",\n\t\t\"log-level\": \"info\",\n\t\t\"http-host\": \"127.0.0.1\",\n\t\t\"api-admin-enabled\": true,\n\t\t\"track-chains\": \"all\"\n\t}","Interface":null}}
[12-28|12:10:28.727] WARN server/server.go:415 custom node configs have been provided; ignoring the 'number-of-nodes' parameter and setting it to:
[12-28|12:10:28.727] INFO server/server.go:445 starting {"{exec-path 15 0 /Users/z/work/lux/node/build/luxd <nil>}": {"Key":"num-nodes","Type":19,"Integer":5,"String":"","Interface":null}, "{track-chains 15 0  <nil>}": {"Key":"pid","Type":12,"Integer":81538,"String":"","Interface":null}, "{root-data-dir 15 0 /Users/z/.lux/runs/testnet/run_20251228_085113 <nil>}": {"Key":"plugin-dir","Type":15,"Integer":0,"String":"/Users/z/.lux/plugins/current","Interface":null}, "{chain-configs 23 0  map[C:{\n  \"admin-api-enabled\": true,\n  \"allow-missing-tries\": true,\n  \"eth-apis\": [\n    \"eth\",\n    \"eth-filter\",\n    \"net\",\n    \"web3\",\n    \"internal-eth\",\n    \"internal-blockchain\",\n    \"internal-transaction\",\n    \"internal-account\",\n    \"admin\"\n  ],\n  \"log-level\": \"info\",\n  \"pruning-enabled\": false,\n  \"reexec\": 0\n}]}": {"Key":"global-node-config","Type":15,"Integer":0,"String":"{\n\t\t\"network-id\": 2,\n\t\t\"db-type\": \"badgerdb\",\n\t\t\"sybil-protection-enabled\": true,\n\t\t\"network-allow-private-ips\": true,\n\t\t\"health-check-frequency\": \"30s\",\n\t\t\"log-level\": \"info\",\n\t\t\"http-host\": \"127.0.0.1\",\n\t\t\"api-admin-enabled\": true,\n\t\t\"track-chains\": \"all\"\n\t}","Interface":null}}
[12-28|12:10:37.830] INFO server/server.go:473 network healthy
[12-28|12:15:00.045] INFO server/server.go:254 dialing gRPC server for gRPC gateway
[12-28|12:15:00.045] INFO server/server.go:244 serving gRPC server
[12-28|12:15:00.059] INFO server/server.go:278 serving gRPC gateway
[12-28|12:15:01.205] WARN server/server.go:415 custom node configs have been provided; ignoring the 'number-of-nodes' parameter and setting it to:
[12-28|12:15:01.205] INFO server/server.go:445 starting {"{exec-path 15 0 /Users/z/work/lux/node/build/luxd <nil>}": {"Key":"num-nodes","Type":19,"Integer":5,"String":"","Interface":null}, "{track-chains 15 0  <nil>}": {"Key":"pid","Type":12,"Integer":19988,"String":"","Interface":null}, "{root-data-dir 15 0 /Users/z/.lux/runs/devnet/run_20251228_121501 <nil>}": {"Key":"plugin-dir","Type":15,"Integer":0,"String":"/Users/z/.lux/plugins/current","Interface":null}, "{chain-configs 23 0  map[C:{\n  \"admin-api-enabled\": true,\n  \"allow-missing-tries\": true,\n  \"eth-apis\": [\n    \"eth\",\n    \"eth-filter\",\n    \"net\",\n    \"web3\",\n    \"internal-eth\",\n    \"internal-blockchain\",\n    \"internal-transaction\",\n    \"internal-account\",\n    \"admin\"\n  ],\n  \"log-level\": \"info\",\n  \"pruning-enabled\": false,\n  \"reexec\": 0\n}]}": {"Key":"global-node-config","Type":15,"Integer":0,"String":"{\n\t\t\"network-id\": 3,\n\t\t\"db-type\": \"badgerdb\",\n\t\t\"sybil-protection-enabled\": true,\n\t\t\"network-allow-private-ips\": true,\n\t\t\"health-check-frequency\": \"30s\",\n\t\t\"log-level\": \"info\",\n\t\t\"http-host\": \"127.0.0.1\",\n\t\t\"api-admin-enabled\": true,\n\t\t\"track-chains\": \"all\"\n\t}","Interface":null}}
[12-28|12:15:32.494] WARN server/server.go:459 start failed to complete
[12-28|12:15:32.507] INFO server/server.go:962 removing network
[12-28|12:15:33.385] WARN server/server.go:459 start failed to complete
[12-28|12:15:33.387] INFO server/server.go:962 removing network
[12-28|12:18:05.198] INFO server/server.go:1526 RemoveSnapshot
[12-28|12:18:05.224] INFO server/server.go:1479 SaveSnapshot
[12-28|12:18:05.502] INFO server/server.go:962 removing network
[12-28|12:18:05.504] INFO server/server.go:962 removing network
[12-28|12:18:05.506] WARN server/server.go:285 root context is done
[12-28|12:18:05.506] WARN server/server.go:288 closed gRPC gateway server
[12-28|12:18:05.507] WARN server/server.go:293 closed gRPC server
[12-28|12:18:05.507] WARN server/server.go:295 gRPC terminated
[12-28|12:20:47.177] WARN server/server.go:415 custom node configs have been provided; ignoring the 'number-of-nodes' parameter and setting it to:
[12-28|12:20:47.178] INFO server/server.go:445 starting {"{exec-path 15 0 /Users/z/work/lux/node/build/luxd <nil>}": {"Key":"num-nodes","Type":19,"Integer":5,"String":"","Interface":null}, "{track-chains 15 0  <nil>}": {"Key":"pid","Type":12,"Integer":81538,"String":"","Interface":null}, "{root-data-dir 15 0 /Users/z/.lux/runs/testnet/run_20251228_085113 <nil>}": {"Key":"plugin-dir","Type":15,"Integer":0,"String":"/Users/z/.lux/plugins/current","Interface":null}, "{chain-configs 23 0  map[C:{\n  \"admin-api-enabled\": true,\n  \"allow-missing-tries\": true,\n  \"eth-apis\": [\n    \"eth\",\n    \"eth-filter\",\n    \"net\",\n    \"web3\",\n    \"internal-eth\",\n    \"internal-blockchain\",\n    \"internal-transaction\",\n    \"internal-account\",\n    \"admin\"\n  ],\n  \"log-level\": \"info\",\n  \"pruning-enabled\": false,\n  \"reexec\": 0\n}]}": {"Key":"global-node-config","Type":15,"Integer":0,"String":"{\n\t\t\"network-id\": 2,\n\t\t\"db-type\": \"badgerdb\",\n\t\t\"sybil-protection-enabled\": true,\n\t\t\"network-allow-private-ips\": true,\n\t\t\"health-check-frequency\": \"30s\",\n\t\t\"log-level\": \"info\",\n\t\t\"http-host\": \"127.0.0.1\",\n\t\t\"api-admin-enabled\": true,\n\t\t\"track-chains\": \"all\"\n\t}","Interface":null}}
[12-28|12:30:47.181] WARN server/server.go:459 start failed to complete
[12-28|12:30:47.182] INFO server/server.go:962 removing network
[12-28|12:33:59.198] INFO server/server.go:1526 RemoveSnapshot
[12-28|12:33:59.203] INFO server/server.go:962 removing network
[12-28|12:33:59.205] WARN server/server.go:285 root context is done
[12-28|12:33:59.205] WARN server/server.go:288 closed gRPC gateway server
[12-28|12:33:59.206] WARN server/server.go:293 closed gRPC server
[12-28|12:33:59.206] WARN server/server.go:295 gRPC terminated
[12-28|12:44:33.691] INFO server/server.go:254 dialing gRPC server for gRPC gateway
[12-28|12:44:33.691] INFO server/server.go:244 serving gRPC server
[12-28|12:44:33.692] INFO server/server.go:278 serving gRPC gateway
[12-28|12:44:34.395] WARN server/server.go:415 custom node configs have been provided; ignoring the 'number-of-nodes' parameter and setting it to:
[12-28|12:44:34.395] INFO server/server.go:445 starting {"{exec-path 15 0 /Users/z/work/lux/node/build/luxd <nil>}": {"Key":"num-nodes","Type":19,"Integer":5,"String":"","Interface":null}, "{track-chains 15 0  <nil>}": {"Key":"pid","Type":12,"Integer":54697,"String":"","Interface":null}, "{root-data-dir 15 0 /Users/z/.lux/runs/testnet/run_20251228_085113 <nil>}": {"Key":"plugin-dir","Type":15,"Integer":0,"String":"/Users/z/.lux/plugins/current","Interface":null}, "{chain-configs 23 0  map[C:{\n  \"admin-api-enabled\": true,\n  \"allow-missing-tries\": true,\n  \"eth-apis\": [\n    \"eth\",\n    \"eth-filter\",\n    \"net\",\n    \"web3\",\n    \"internal-eth\",\n    \"internal-blockchain\",\n    \"internal-transaction\",\n    \"internal-account\",\n    \"admin\"\n  ],\n  \"log-level\": \"info\",\n  \"pruning-enabled\": false,\n  \"reexec\": 0\n}]}": {"Key":"global-node-config","Type":15,"Integer":0,"String":"{\n\t\t\"network-id\": 2,\n\t\t\"db-type\": \"badgerdb\",\n\t\t\"sybil-protection-enabled\": true,\n\t\t\"network-allow-private-ips\": true,\n\t\t\"health-check-frequency\": \"30s\",\n\t\t\"log-level\": \"info\",\n\t\t\"http-host\": \"127.0.0.1\",\n\t\t\"api-admin-enabled\": true,\n\t\t\"track-chains\": \"all\"\n\t}","Interface":null}}
[12-28|12:53:09.476] WARN server/server.go:459 start failed to complete
[12-28|12:53:09.480] INFO server/server.go:962 removing network
[12-28|12:53:09.483] INFO server/server.go:1526 RemoveSnapshot
[12-28|12:53:09.483] INFO server/server.go:1526 RemoveSnapshot
[12-28|12:53:09.497] WARN server/server.go:415 custom node configs have been provided; ignoring the 'number-of-nodes' parameter and setting it to:
[12-28|12:53:09.497] INFO server/server.go:445 starting {"{exec-path 15 0 /Users/z/work/lux/node/build/luxd <nil>}": {"Key":"num-nodes","Type":19,"Integer":5,"String":"","Interface":null}, "{track-chains 15 0  <nil>}": {"Key":"pid","Type":12,"Integer":54697,"String":"","Interface":null}, "{root-data-dir 15 0 /Users/z/.lux/runs/testnet/run_20251228_125220 <nil>}": {"Key":"plugin-dir","Type":15,"Integer":0,"String":"/Users/z/.lux/plugins/current","Interface":null}, "{chain-configs 23 0  map[C:{\n  \"admin-api-enabled\": true,\n  \"allow-missing-tries\": true,\n  \"eth-apis\": [\n    \"eth\",\n    \"eth-filter\",\n    \"net\",\n    \"web3\",\n    \"internal-eth\",\n    \"internal-blockchain\",\n    \"internal-transaction\",\n    \"internal-account\",\n    \"admin\"\n  ],\n  \"log-level\": \"info\",\n  \"pruning-enabled\": false,\n  \"reexec\": 0\n}]}": {"Key":"global-node-config","Type":15,"Integer":0,"String":"{\n\t\t\"network-id\": 2,\n\t\t\"db-type\": \"badgerdb\",\n\t\t\"sybil-protection-enabled\": true,\n\t\t\"network-allow-private-ips\": true,\n\t\t\"health-check-frequency\": \"30s\",\n\t\t\"log-level\": \"info\",\n\t\t\"http-host\": \"127.0.0.1\",\n\t\t\"api-admin-enabled\": true,\n\t\t\"track-chains\": \"all\"\n\t}","Interface":null}}
[12-28|12:53:14.148] WARN server/server.go:459 start failed to complete
[12-28|12:53:14.152] INFO server/server.go:962 removing network
[12-28|12:53:14.271] INFO server/server.go:962 removing network
[12-28|12:53:14.272] INFO server/server.go:962 removing network
[12-28|12:53:14.272] WARN server/server.go:415 custom node configs have been provided; ignoring the 'number-of-nodes' parameter and setting it to:
[12-28|12:53:14.272] INFO server/server.go:445 starting {"{exec-path 15 0 /Users/z/work/lux/node/build/luxd <nil>}": {"Key":"num-nodes","Type":19,"Integer":5,"String":"","Interface":null}, "{track-chains 15 0  <nil>}": {"Key":"pid","Type":12,"Integer":54697,"String":"","Interface":null}, "{root-data-dir 15 0 /Users/z/.lux/runs/testnet/run_20251228_125220 <nil>}": {"Key":"plugin-dir","Type":15,"Integer":0,"String":"/Users/z/.lux/plugins/current","Interface":null}, "{chain-configs 23 0  map[C:{\n  \"admin-api-enabled\": true,\n  \"allow-missing-tries\": true,\n  \"eth-apis\": [\n    \"eth\",\n    \"eth-filter\",\n    \"net\",\n    \"web3\",\n    \"internal-eth\",\n    \"internal-blockchain\",\n    \"internal-transaction\",\n    \"internal-account\",\n    \"admin\"\n  ],\n  \"log-level\": \"info\",\n  \"pruning-enabled\": false,\n  \"reexec\": 0\n}]}": {"Key":"global-node-config","Type":15,"Integer":0,"String":"{\n\t\t\"network-id\": 2,\n\t\t\"db-type\": \"badgerdb\",\n\t\t\"sybil-protection-enabled\": true,\n\t\t\"network-allow-private-ips\": true,\n\t\t\"health-check-frequency\": \"30s\",\n\t\t\"log-level\": \"info\",\n\t\t\"http-host\": \"127.0.0.1\",\n\t\t\"api-admin-enabled\": true,\n\t\t\"track-chains\": \"all\"\n\t}","Interface":null}}
[12-28|12:53:14.290] WARN server/server.go:285 root context is done
[12-28|12:53:14.290] WARN server/server.go:288 closed gRPC gateway server
[12-28|12:53:14.291] WARN server/server.go:293 closed gRPC server
[12-28|12:53:14.291] WARN server/server.go:295 gRPC terminated
[12-28|12:53:24.713] INFO server/server.go:254 dialing gRPC server for gRPC gateway
[12-28|12:53:24.713] INFO server/server.go:244 serving gRPC server
[12-28|12:53:24.720] INFO server/server.go:278 serving gRPC gateway
[12-28|12:53:25.446] WARN server/server.go:415 custom node configs have been provided; ignoring the 'number-of-nodes' parameter and setting it to:
[12-28|12:53:25.446] INFO server/server.go:445 starting {"{exec-path 15 0 /Users/z/work/lux/node/build/luxd <nil>}": {"Key":"num-nodes","Type":19,"Integer":5,"String":"","Interface":null}, "{track-chains 15 0  <nil>}": {"Key":"pid","Type":12,"Integer":22874,"String":"","Interface":null}, "{root-data-dir 15 0 /Users/z/.lux/runs/testnet/run_20251228_125325 <nil>}": {"Key":"plugin-dir","Type":15,"Integer":0,"String":"/Users/z/.lux/plugins/current","Interface":null}, "{chain-configs 23 0  map[C:{\n  \"admin-api-enabled\": true,\n  \"allow-missing-tries\": true,\n  \"eth-apis\": [\n    \"eth\",\n    \"eth-filter\",\n    \"net\",\n    \"web3\",\n    \"internal-eth\",\n    \"internal-blockchain\",\n    \"internal-transaction\",\n    \"internal-account\",\n    \"admin\"\n  ],\n  \"log-level\": \"info\",\n  \"pruning-enabled\": false,\n  \"reexec\": 0\n}]}": {"Key":"global-node-config","Type":15,"Integer":0,"String":"{\n\t\t\"network-id\": 2,\n\t\t\"db-type\": \"badgerdb\",\n\t\t\"sybil-protection-enabled\": true,\n\t\t\"network-allow-private-ips\": true,\n\t\t\"health-check-frequency\": \"30s\",\n\t\t\"log-level\": \"info\",\n\t\t\"http-host\": \"127.0.0.1\",\n\t\t\"api-admin-enabled\": true,\n\t\t\"track-chains\": \"all\"\n\t}","Interface":null}}
[12-28|12:53:25.880] INFO server/server.go:473 network healthy
[12-28|12:53:25.880] INFO server/server.go:962 removing network
[12-28|12:53:30.814] WARN server/server.go:459 start failed to complete
[12-28|12:53:30.814] INFO server/server.go:962 removing network
[12-28|12:54:20.882] WARN server/server.go:415 custom node configs have been provided; ignoring the 'number-of-nodes' parameter and setting it to:
[12-28|12:54:20.882] INFO server/server.go:445 starting {"{exec-path 15 0 /Users/z/work/lux/node/build/luxd <nil>}": {"Key":"num-nodes","Type":19,"Integer":5,"String":"","Interface":null}, "{track-chains 15 0  <nil>}": {"Key":"pid","Type":12,"Integer":22874,"String":"","Interface":null}, "{root-data-dir 15 0 /Users/z/.lux/runs/testnet/run_20251228_125325 <nil>}": {"Key":"plugin-dir","Type":15,"Integer":0,"String":"/Users/z/.lux/plugins/current","Interface":null}, "{chain-configs 23 0  map[C:{\n  \"admin-api-enabled\": true,\n  \"allow-missing-tries\": true,\n  \"eth-apis\": [\n    \"eth\",\n    \"eth-filter\",\n    \"net\",\n    \"web3\",\n    \"internal-eth\",\n    \"internal-blockchain\",\n    \"internal-transaction\",\n    \"internal-account\",\n    \"admin\"\n  ],\n  \"log-level\": \"info\",\n  \"pruning-enabled\": false,\n  \"reexec\": 0\n}]}": {"Key":"global-node-config","Type":15,"Integer":0,"String":"{\n\t\t\"network-id\": 2,\n\t\t\"db-type\": \"badgerdb\",\n\t\t\"sybil-protection-enabled\": true,\n\t\t\"network-allow-private-ips\": true,\n\t\t\"health-check-frequency\": \"30s\",\n\t\t\"log-level\": \"info\",\n\t\t\"http-host\": \"127.0.0.1\",\n\t\t\"api-admin-enabled\": true,\n\t\t\"track-chains\": \"all\"\n\t}","Interface":null}}
[12-28|12:54:27.109] WARN server/server.go:459 start failed to complete
[12-28|12:54:27.115] INFO server/server.go:962 removing network
[12-28|12:54:35.742] INFO server/server.go:962 removing network
[12-28|12:54:35.746] WARN server/server.go:285 root context is done
[12-28|12:54:35.746] WARN server/server.go:288 closed gRPC gateway server
[12-28|12:54:35.747] WARN server/server.go:293 closed gRPC server
[12-28|12:54:35.747] WARN server/server.go:295 gRPC terminated
[12-28|12:57:06.439] WARN server/server.go:321 network stopped
[12-28|12:59:46.194] INFO server/server.go:254 dialing gRPC server for gRPC gateway
[12-28|12:59:46.196] INFO server/server.go:244 serving gRPC server
[12-28|12:59:46.200] INFO server/server.go:278 serving gRPC gateway
[12-28|12:59:46.913] WARN server/server.go:415 custom node configs have been provided; ignoring the 'number-of-nodes' parameter and setting it to:
[12-28|12:59:46.914] INFO server/server.go:445 starting {"{exec-path 15 0 /Users/z/work/lux/node/build/luxd <nil>}": {"Key":"num-nodes","Type":19,"Integer":5,"String":"","Interface":null}, "{track-chains 15 0  <nil>}": {"Key":"pid","Type":12,"Integer":79409,"String":"","Interface":null}, "{root-data-dir 15 0 /Users/z/.lux/runs/testnet/run_20251228_125946 <nil>}": {"Key":"plugin-dir","Type":15,"Integer":0,"String":"/Users/z/.lux/plugins/current","Interface":null}, "{chain-configs 23 0  map[C:{\n  \"admin-api-enabled\": true,\n  \"allow-missing-tries\": true,\n  \"eth-apis\": [\n    \"eth\",\n    \"eth-filter\",\n    \"net\",\n    \"web3\",\n    \"internal-eth\",\n    \"internal-blockchain\",\n    \"internal-transaction\",\n    \"internal-account\",\n    \"admin\"\n  ],\n  \"log-level\": \"info\",\n  \"pruning-enabled\": false,\n  \"reexec\": 0\n}]}": {"Key":"global-node-config","Type":15,"Integer":0,"String":"{\n\t\t\"network-id\": 2,\n\t\t\"db-type\": \"badgerdb\",\n\t\t\"sybil-protection-enabled\": true,\n\t\t\"network-allow-private-ips\": true,\n\t\t\"health-check-frequency\": \"30s\",\n\t\t\"log-level\": \"info\",\n\t\t\"http-host\": \"127.0.0.1\",\n\t\t\"api-admin-enabled\": true,\n\t\t\"track-chains\": \"all\"\n\t}","Interface":null}}
[12-28|13:00:02.443] INFO server/server.go:473 network healthy
[12-28|13:00:31.828] INFO server/server.go:569 CreateBlockchains: received request
[12-28|13:00:31.829] INFO server/server.go:581 CreateBlockchains: processing blockchain spec {"{index 11 0  <nil>}": {"Key":"vmName","Type":15,"Integer":0,"String":"Lux EVM","Interface":null}, "{hasGenesis 4 1  <nil>}": {"Key":"hasChainId","Type":4,"Integer":0,"String":"","Interface":null}}
[12-28|13:00:31.829] INFO server/server.go:1663 checking custom chain's VM ID before installation
[12-28|13:00:31.829] INFO server/server.go:618 CreateBlockchains: starting chain creation {"{numChains 11 1  <nil>}": {"Key":"timeout","Type":8,"Integer":600000000000,"String":"","Interface":null}}
[12-28|13:10:56.704] ERROR server/server.go:632 CreateBlockchains: failed to create blockchains {"{error 26 0  failed to install custom chains: failed to restart nodes for config update: node \"node4\" failed to become healthy within timeout, or network stopped}": {"Key":"errorDetail","Type":15,"Integer":0,"String":"failed to install custom chains: failed to restart nodes for config update: node \"node4\" failed to become healthy within timeout, or network stopped","Interface":null}, "{vmNames 1 0  [Lux EVM]}": {"Key":"numChainSpecs","Type":11,"Integer":1,"String":"","Interface":null}}
[12-28|13:10:56.705] INFO server/server.go:911 waiting for local cluster readiness
[12-28|13:10:56.709] INFO server/server.go:1526 RemoveSnapshot
[12-28|13:10:56.767] INFO server/server.go:1479 SaveSnapshot
[12-28|13:10:59.141] INFO server/server.go:962 removing network
[12-28|13:10:59.143] INFO server/server.go:962 removing network
[12-28|13:10:59.146] WARN server/server.go:285 root context is done
[12-28|13:10:59.146] WARN server/server.go:288 closed gRPC gateway server
[12-28|13:10:59.146] WARN server/server.go:293 closed gRPC server
[12-28|13:10:59.146] WARN server/server.go:295 gRPC terminated
[12-28|13:11:04.130] INFO server/server.go:254 dialing gRPC server for gRPC gateway
[12-28|13:11:04.130] INFO server/server.go:244 serving gRPC server
[12-28|13:11:04.131] INFO server/server.go:278 serving gRPC gateway
[12-28|13:11:05.014] WARN server/server.go:415 custom node configs have been provided; ignoring the 'number-of-nodes' parameter and setting it to:
[12-28|13:11:05.014] INFO server/server.go:445 starting {"{exec-path 15 0 /Users/z/work/lux/node/build/luxd <nil>}": {"Key":"num-nodes","Type":19,"Integer":5,"String":"","Interface":null}, "{track-chains 15 0  <nil>}": {"Key":"pid","Type":12,"Integer":67616,"String":"","Interface":null}, "{root-data-dir 15 0 /Users/z/.lux/runs/testnet/run_20251228_125946 <nil>}": {"Key":"plugin-dir","Type":15,"Integer":0,"String":"/Users/z/.lux/plugins/current","Interface":null}, "{chain-configs 23 0  map[C:{\n  \"admin-api-enabled\": true,\n  \"allow-missing-tries\": true,\n  \"eth-apis\": [\n    \"eth\",\n    \"eth-filter\",\n    \"net\",\n    \"web3\",\n    \"internal-eth\",\n    \"internal-blockchain\",\n    \"internal-transaction\",\n    \"internal-account\",\n    \"admin\"\n  ],\n  \"log-level\": \"info\",\n  \"pruning-enabled\": false,\n  \"reexec\": 0\n}]}": {"Key":"global-node-config","Type":15,"Integer":0,"String":"{\n\t\t\"network-id\": 2,\n\t\t\"db-type\": \"badgerdb\",\n\t\t\"sybil-protection-enabled\": true,\n\t\t\"network-allow-private-ips\": true,\n\t\t\"health-check-frequency\": \"30s\",\n\t\t\"log-level\": \"info\",\n\t\t\"http-host\": \"127.0.0.1\",\n\t\t\"api-admin-enabled\": true,\n\t\t\"track-chains\": \"all\"\n\t}","Interface":null}}
[12-28|13:19:10.065] WARN server/server.go:459 start failed to complete
[12-28|13:19:10.067] INFO server/server.go:962 removing network
[12-28|13:19:10.068] INFO server/server.go:1526 RemoveSnapshot
[12-28|13:19:10.068] INFO server/server.go:1526 RemoveSnapshot
[12-28|13:19:10.082] INFO server/server.go:962 removing network
[12-28|13:19:10.085] INFO server/server.go:962 removing network
[12-28|13:19:10.086] WARN server/server.go:285 root context is done
[12-28|13:19:10.087] WARN server/server.go:288 closed gRPC gateway server
[12-28|13:19:10.089] WARN server/server.go:293 closed gRPC server
[12-28|13:19:10.089] WARN server/server.go:295 gRPC terminated
[12-28|13:19:13.495] INFO server/server.go:254 dialing gRPC server for gRPC gateway
[12-28|13:19:13.495] INFO server/server.go:244 serving gRPC server
[12-28|13:19:13.495] INFO server/server.go:278 serving gRPC gateway
[12-28|13:19:14.476] WARN server/server.go:415 custom node configs have been provided; ignoring the 'number-of-nodes' parameter and setting it to:
[12-28|13:19:14.476] INFO server/server.go:445 starting {"{exec-path 15 0 /Users/z/work/lux/node/build/luxd <nil>}": {"Key":"num-nodes","Type":19,"Integer":5,"String":"","Interface":null}, "{track-chains 15 0  <nil>}": {"Key":"pid","Type":12,"Integer":30266,"String":"","Interface":null}, "{root-data-dir 15 0 /Users/z/.lux/runs/testnet/run_20251228_125946 <nil>}": {"Key":"plugin-dir","Type":15,"Integer":0,"String":"/Users/z/.lux/plugins/current","Interface":null}, "{chain-configs 23 0  map[C:{\n  \"admin-api-enabled\": true,\n  \"allow-missing-tries\": true,\n  \"eth-apis\": [\n    \"eth\",\n    \"eth-filter\",\n    \"net\",\n    \"web3\",\n    \"internal-eth\",\n    \"internal-blockchain\",\n    \"internal-transaction\",\n    \"internal-account\",\n    \"admin\"\n  ],\n  \"log-level\": \"info\",\n  \"pruning-enabled\": false,\n  \"reexec\": 0\n}]}": {"Key":"global-node-config","Type":15,"Integer":0,"String":"{\n\t\t\"network-id\": 2,\n\t\t\"db-type\": \"badgerdb\",\n\t\t\"sybil-protection-enabled\": true,\n\t\t\"network-allow-private-ips\": true,\n\t\t\"health-check-frequency\": \"30s\",\n\t\t\"log-level\": \"info\",\n\t\t\"http-host\": \"127.0.0.1\",\n\t\t\"api-admin-enabled\": true,\n\t\t\"track-chains\": \"all\"\n\t}","Interface":null}}
[12-28|13:29:14.502] WARN server/server.go:459 start failed to complete
[12-28|13:29:14.509] INFO server/server.go:962 removing network
[12-28|13:29:15.475] WARN server/server.go:415 custom node configs have been provided; ignoring the 'number-of-nodes' parameter and setting it to:
[12-28|13:29:15.475] INFO server/server.go:445 starting {"{exec-path 15 0 /Users/z/work/lux/node/build/luxd <nil>}": {"Key":"num-nodes","Type":19,"Integer":5,"String":"","Interface":null}, "{track-chains 15 0  <nil>}": {"Key":"pid","Type":12,"Integer":30266,"String":"","Interface":null}, "{root-data-dir 15 0 /Users/z/.lux/runs/testnet/run_20251228_125946 <nil>}": {"Key":"plugin-dir","Type":15,"Integer":0,"String":"/Users/z/.lux/plugins/current","Interface":null}, "{chain-configs 23 0  map[C:{\n  \"admin-api-enabled\": true,\n  \"allow-missing-tries\": true,\n  \"eth-apis\": [\n    \"eth\",\n    \"eth-filter\",\n    \"net\",\n    \"web3\",\n    \"internal-eth\",\n    \"internal-blockchain\",\n    \"internal-transaction\",\n    \"internal-account\",\n    \"admin\"\n  ],\n  \"log-level\": \"info\",\n  \"pruning-enabled\": false,\n  \"reexec\": 0\n}]}": {"Key":"global-node-config","Type":15,"Integer":0,"String":"{\n\t\t\"network-id\": 2,\n\t\t\"db-type\": \"badgerdb\",\n\t\t\"sybil-protection-enabled\": true,\n\t\t\"network-allow-private-ips\": true,\n\t\t\"health-check-frequency\": \"30s\",\n\t\t\"log-level\": \"info\",\n\t\t\"http-host\": \"127.0.0.1\",\n\t\t\"api-admin-enabled\": true,\n\t\t\"track-chains\": \"all\"\n\t}","Interface":null}}
[12-28|13:39:15.664] WARN server/server.go:459 start failed to complete
[12-28|13:39:15.978] INFO server/server.go:962 removing network
[12-28|13:39:18.439] INFO server/server.go:1526 RemoveSnapshot
[12-28|13:39:18.574] INFO server/server.go:962 removing network
[12-28|13:39:18.574] WARN server/server.go:415 custom node configs have been provided; ignoring the 'number-of-nodes' parameter and setting it to:
[12-28|13:39:18.576] INFO server/server.go:445 starting {"{exec-path 15 0 /Users/z/work/lux/node/build/luxd <nil>}": {"Key":"num-nodes","Type":19,"Integer":5,"String":"","Interface":null}, "{track-chains 15 0  <nil>}": {"Key":"pid","Type":12,"Integer":30266,"String":"","Interface":null}, "{root-data-dir 15 0 /Users/z/.lux/runs/testnet/run_20251228_125946 <nil>}": {"Key":"plugin-dir","Type":15,"Integer":0,"String":"/Users/z/.lux/plugins/current","Interface":null}, "{chain-configs 23 0  map[C:{\n  \"admin-api-enabled\": true,\n  \"allow-missing-tries\": true,\n  \"eth-apis\": [\n    \"eth\",\n    \"eth-filter\",\n    \"net\",\n    \"web3\",\n    \"internal-eth\",\n    \"internal-blockchain\",\n    \"internal-transaction\",\n    \"internal-account\",\n    \"admin\"\n  ],\n  \"log-level\": \"info\",\n  \"pruning-enabled\": false,\n  \"reexec\": 0\n}]}": {"Key":"global-node-config","Type":15,"Integer":0,"String":"{\n\t\t\"network-id\": 2,\n\t\t\"db-type\": \"badgerdb\",\n\t\t\"sybil-protection-enabled\": true,\n\t\t\"network-allow-private-ips\": true,\n\t\t\"health-check-frequency\": \"30s\",\n\t\t\"log-level\": \"info\",\n\t\t\"http-host\": \"127.0.0.1\",\n\t\t\"api-admin-enabled\": true,\n\t\t\"track-chains\": \"all\"\n\t}","Interface":null}}
[12-28|13:39:18.577] WARN server/server.go:285 root context is done
[12-28|13:39:18.577] WARN server/server.go:288 closed gRPC gateway server
[12-28|13:39:18.578] WARN server/server.go:293 closed gRPC server
[12-28|13:39:18.578] WARN server/server.go:295 gRPC terminated
[12-28|13:41:29.624] WARN server/server.go:459 start failed to complete
[12-28|13:41:29.626] INFO server/server.go:962 removing network
